Determining if the pthread_create exist failed with the following output:
Change Dir: /home/will/Desktop/Thesis/utils/projection/build/CMakeFiles/CMakeTmp

Run Build Command:"/usr/bin/make" "cmTC_06027/fast"
/usr/bin/make -f CMakeFiles/cmTC_06027.dir/build.make CMakeFiles/cmTC_06027.dir/build
make[1]: Entering directory '/home/will/Desktop/Thesis/utils/projection/build/CMakeFiles/CMakeTmp'
Building C object CMakeFiles/cmTC_06027.dir/CheckSymbolExists.c.o
/usr/bin/cc    -o CMakeFiles/cmTC_06027.dir/CheckSymbolExists.c.o   -c /home/will/Desktop/Thesis/utils/projection/build/CMakeFiles/CMakeTmp/CheckSymbolExists.c
Linking C executable cmTC_06027
/usr/bin/cmake -E cmake_link_script CMakeFiles/cmTC_06027.dir/link.txt --verbose=1
/usr/bin/cc      -rdynamic CMakeFiles/cmTC_06027.dir/CheckSymbolExists.c.o  -o cmTC_06027 
CMakeFiles/cmTC_06027.dir/CheckSymbolExists.c.o: In function `main':
CheckSymbolExists.c:(.text+0x1b): undefined reference to `pthread_create'
collect2: error: ld returned 1 exit status
CMakeFiles/cmTC_06027.dir/build.make:97: recipe for target 'cmTC_06027' failed
make[1]: *** [cmTC_06027] Error 1
make[1]: Leaving directory '/home/will/Desktop/Thesis/utils/projection/build/CMakeFiles/CMakeTmp'
Makefile:126: recipe for target 'cmTC_06027/fast' failed
make: *** [cmTC_06027/fast] Error 2

File /home/will/Desktop/Thesis/utils/projection/build/CMakeFiles/CMakeTmp/CheckSymbolExists.c:
/* */
#include <pthread.h>

int main(int argc, char** argv)
{
  (void)argv;
#ifndef pthread_create
  return ((int*)(&pthread_create))[argc];
#else
  (void)argc;
  return 0;
#endif
}

Determining if the function pthread_create exists in the pthreads failed with the following output:
Change Dir: /home/will/Desktop/Thesis/utils/projection/build/CMakeFiles/CMakeTmp

Run Build Command:"/usr/bin/make" "cmTC_910b1/fast"
/usr/bin/make -f CMakeFiles/cmTC_910b1.dir/build.make CMakeFiles/cmTC_910b1.dir/build
make[1]: Entering directory '/home/will/Desktop/Thesis/utils/projection/build/CMakeFiles/CMakeTmp'
Building C object CMakeFiles/cmTC_910b1.dir/CheckFunctionExists.c.o
/usr/bin/cc   -DCHECK_FUNCTION_EXISTS=pthread_create   -o CMakeFiles/cmTC_910b1.dir/CheckFunctionExists.c.o   -c /usr/share/cmake-3.10/Modules/CheckFunctionExists.c
Linking C executable cmTC_910b1
/usr/bin/cmake -E cmake_link_script CMakeFiles/cmTC_910b1.dir/link.txt --verbose=1
/usr/bin/cc  -DCHECK_FUNCTION_EXISTS=pthread_create    -rdynamic CMakeFiles/cmTC_910b1.dir/CheckFunctionExists.c.o  -o cmTC_910b1 -lpthreads 
/usr/bin/ld: cannot find -lpthreads
collect2: error: ld returned 1 exit status
CMakeFiles/cmTC_910b1.dir/build.make:97: recipe for target 'cmTC_910b1' failed
make[1]: *** [cmTC_910b1] Error 1
make[1]: Leaving directory '/home/will/Desktop/Thesis/utils/projection/build/CMakeFiles/CMakeTmp'
Makefile:126: recipe for target 'cmTC_910b1/fast' failed
make: *** [cmTC_910b1/fast] Error 2


